c:\github\beatemup\beatemup\beatemup\debug\vc142.pdb
c:\github\beatemup\beatemup\beatemup\debug\vc142.idb
c:\github\beatemup\beatemup\beatemup\debug\util.obj
c:\github\beatemup\beatemup\beatemup\debug\text.obj
c:\github\beatemup\beatemup\beatemup\debug\sprite.obj
c:\github\beatemup\beatemup\beatemup\debug\main.obj
c:\github\beatemup\beatemup\beatemup\debug\sdlapp.obj
c:\github\beatemup\beatemup\beatemup\debug\enemy.obj
c:\github\beatemup\beatemup\beatemup\debug\roamer.obj
c:\github\beatemup\beatemup\beatemup\debug\player.obj
c:\github\beatemup\beatemup\beatemup\debug\mixer.obj
c:\github\beatemup\beatemup\beatemup\debug\gameobject.obj
c:\github\beatemup\beatemup\beatemup\debug\game.obj
c:\github\beatemup\beatemup\beatemup\debug\background.obj
c:\github\beatemup\beatemup\beatemup\debug\beatemup.ilk
c:\github\beatemup\beatemup\debug\beatemup.exe
c:\github\beatemup\beatemup\debug\beatemup.pdb
c:\github\beatemup\beatemup\beatemup\debug\beatemup.tlog\cl.command.1.tlog
c:\github\beatemup\beatemup\beatemup\debug\beatemup.tlog\cl.read.1.tlog
c:\github\beatemup\beatemup\beatemup\debug\beatemup.tlog\cl.write.1.tlog
c:\github\beatemup\beatemup\beatemup\debug\beatemup.tlog\link.command.1.tlog
c:\github\beatemup\beatemup\beatemup\debug\beatemup.tlog\link.read.1.tlog
c:\github\beatemup\beatemup\beatemup\debug\beatemup.tlog\link.write.1.tlog
